Using pre-set license

 COMMAND LINE ARGUMENTS:
/Applications/Unity/Hub/Editor/2020.3.8f1/Unity.app/Contents/MacOS/Unity
-adb2
-batchMode
-noUpm
-name
AssetImportWorker0
-projectPath
/Users/shailensheth/MyFirstGame
-logFile
Logs/AssetImportWorker0.log
-srvPort
49531
Successfully changed project path to: /Users/shailensheth/MyFirstGame
/Users/shailensheth/MyFirstGame
Using Asset Import Pipeline V2.
Refreshing native plugins compatible for Editor in 27.60 ms, found 1 plugins.
Preloading 0 native plugins for Editor in 0.00 ms.
Initialize engine version: 2020.3.8f1 (507919d4fff5)
[Subsystems] Discovering subsystems at path /Applications/Unity/Hub/Editor/2020.3.8f1/Unity.app/Contents/Resources/UnitySubsystems
[Subsystems] Discovering subsystems at path /Users/shailensheth/MyFirstGame/Assets
GfxDevice: creating device client; threaded=0
2021-05-27 13:20:53.237 Unity[1833:67072] (null) preferred device: Apple M1 (high power)
2021-05-27 13:20:53.237 Unity[1833:67072] Metal devices available: 1
2021-05-27 13:20:53.237 Unity[1833:67072] 0: Apple M1 (high power)
2021-05-27 13:20:53.237 Unity[1833:67072] Using device Apple M1 (high power)
Initializing Metal device caps: Apple M1
Initialize mono
Mono path[0] = '/Applications/Unity/Hub/Editor/2020.3.8f1/Unity.app/Contents/Managed'
Mono path[1] = '/Applications/Unity/Hub/Editor/2020.3.8f1/Unity.app/Contents/MonoBleedingEdge/lib/mono/unityjit'
Mono config path = '/Applications/Unity/Hub/Editor/2020.3.8f1/Unity.app/Contents/MonoBleedingEdge/etc'
Using monoOptions --debugger-agent=transport=dt_socket,embedding=1,server=y,suspend=n,address=127.0.0.1:56833
Begin MonoManager ReloadAssembly
Registering precompiled unity dll's ...
Register platform support module: /Applications/Unity/Hub/Editor/2020.3.8f1/PlaybackEngines/WebGLSupport/UnityEditor.WebGL.Extensions.dll
Register platform support module: /Applications/Unity/Hub/Editor/2020.3.8f1/Unity.app/Contents/PlaybackEngines/MacStandaloneSupport/UnityEditor.OSXStandalone.Extensions.dll
Registered in 0.001578 seconds.
Native extension for OSXStandalone target not found
Native extension for WebGL target not found
Refreshing native plugins compatible for Editor in 22.36 ms, found 1 plugins.
Preloading 0 native plugins for Editor in 0.00 ms.
Mono: successfully reloaded assembly
- Completed reload, in  2.000 seconds
Platform modules already initialized, skipping
Registering precompiled user dll's ...
Registered in 0.000664 seconds.
Begin MonoManager ReloadAssembly
Native extension for OSXStandalone target not found
Native extension for WebGL target not found
Refreshing native plugins compatible for Editor in 0.19 ms, found 1 plugins.
Preloading 0 native plugins for Editor in 0.00 ms.
Mono: successfully reloaded assembly
- Completed reload, in  1.680 seconds
Platform modules already initialized, skipping
========================================================================
Worker process is ready to serve import requests
Launching external process: /Applications/Unity/Hub/Editor/2020.3.8f1/Unity.app/Contents/Tools/UnityShaderCompiler
Launched and connected shader compiler UnityShaderCompiler after 0.04 seconds
Refreshing native plugins compatible for Editor in 0.21 ms, found 1 plugins.
Preloading 0 native plugins for Editor in 0.00 ms.
Unloading 1133 Unused Serialized files (Serialized files now loaded: 0)
System memory in use before: 127.9 MB.
System memory in use after: 127.9 MB.

Unloading 9 unused Assets to reduce memory usage. Loaded Objects now: 1602.
Total: 2.951000 ms (FindLiveObjects: 0.358584 ms CreateObjectMapping: 0.024334 ms MarkObjects: 2.494750 ms  DeleteObjects: 0.072416 ms)

========================================================================
Received Import Request.
  path: Assets/3DModels/Buildings/house.fbx
  artifactKey: Guid(d8dc7926c8c1b4c529da095ec977466b) Importer(815301076,1909f56bfc062723c751e8b465ee728b)
Start importing Assets/3DModels/Buildings/house.fbx using Guid(d8dc7926c8c1b4c529da095ec977466b) Importer(815301076,1909f56bfc062723c751e8b465ee728b)  -> (artifact id: '7eb399c84f2725f69614ebbd6fae5739') in 0.872206 seconds
  Import took 0.874004 seconds .

========================================================================
Received Prepare
Registering precompiled user dll's ...
Registered in 0.000752 seconds.
Begin MonoManager ReloadAssembly
Native extension for OSXStandalone target not found
Native extension for WebGL target not found
Refreshing native plugins compatible for Editor in 0.20 ms, found 1 plugins.
Preloading 0 native plugins for Editor in 0.00 ms.
Mono: successfully reloaded assembly
- Completed reload, in  1.700 seconds
Platform modules already initialized, skipping
Refreshing native plugins compatible for Editor in 0.20 ms, found 1 plugins.
Preloading 0 native plugins for Editor in 0.00 ms.
Unloading 1114 Unused Serialized files (Serialized files now loaded: 0)
System memory in use before: 134.8 MB.
System memory in use after: 134.9 MB.

Unloading 5 unused Assets to reduce memory usage. Loaded Objects now: 1615.
Total: 1.118958 ms (FindLiveObjects: 0.101000 ms CreateObjectMapping: 0.022958 ms MarkObjects: 0.975167 ms  DeleteObjects: 0.018834 ms)

========================================================================
Received Import Request.
  Time since last request: 3277.690733 seconds.
  path: Assets/3DModels/Prefabs
  artifactKey: Guid(dc8f8621086d342e5af521f8b3b2c3e2) Importer(815301076,1909f56bfc062723c751e8b465ee728b)
Start importing Assets/3DModels/Prefabs using Guid(dc8f8621086d342e5af521f8b3b2c3e2) Importer(815301076,1909f56bfc062723c751e8b465ee728b)  -> (artifact id: '672e0b15e0c80107384cdf2327de1e0c') in 0.030077 seconds
  Import took 0.042253 seconds .

========================================================================
Received Import Request.
  Time since last request: 3.680693 seconds.
  path: Assets/3DModels/Prefabs/house1.prefab
  artifactKey: Guid(81c72d72c9bb34e26b0e958a7d211e81) Importer(815301076,1909f56bfc062723c751e8b465ee728b)
Start importing Assets/3DModels/Prefabs/house1.prefab using Guid(81c72d72c9bb34e26b0e958a7d211e81) Importer(815301076,1909f56bfc062723c751e8b465ee728b)  -> (artifact id: '254acc9bf34cd8c3ea263f901c52f76a') in 0.451389 seconds
  Import took 0.453181 seconds .

========================================================================
Received Import Request.
  Time since last request: 0.001499 seconds.
  path: Assets/3DModels/Prefabs/house1.prefab
  artifactKey: Guid(81c72d72c9bb34e26b0e958a7d211e81) Importer(815301076,1909f56bfc062723c751e8b465ee728b)
Start importing Assets/3DModels/Prefabs/house1.prefab using Guid(81c72d72c9bb34e26b0e958a7d211e81) Importer(815301076,1909f56bfc062723c751e8b465ee728b)  -> (artifact id: '254acc9bf34cd8c3ea263f901c52f76a') in 0.013784 seconds
  Import took 0.015729 seconds .

